Target URL : https://twitter.com/pressedyes
Search Query : from:pressedyes include:retweets include:nativeretweets
[@pressedyes] Tweet range : <unspecified> (unknown) - <unspecified> (unknown)
Image : on  /  GIF : on  /  Video : on  /  No media : on  /  include RTs : off
Search filters: 
--------------------------------------------------------------------------------
1. 2021/10/13 15:30:36 https://twitter.com/pressedyes/status/1448446102307475456
  (no media)
2. 2021/10/13 15:20:23 https://twitter.com/pressedyes/status/1448443531312484359
  (no media)
3. 2021/10/13 15:15:27 https://twitter.com/pressedyes/status/1448442292654780421
  (no media)
4. 2021/10/10 14:09:21 https://twitter.com/pressedyes/status/1447338491101261825
  (no media)
5. 2021/10/01 12:26:15 https://twitter.com/pressedyes/status/1444051055734575104
  (no media)
6. 2021/09/28 10:17:59 https://twitter.com/pressedyes/status/1442931612027473920
  (no media)
7. 2021/09/12 13:44:18 https://twitter.com/pressedyes/status/1437185327010140162
  (no media)
8. 2021/09/11 16:20:07 https://twitter.com/pressedyes/status/1436862151076065286
  (no media)
9. 2021/09/11 16:13:19 https://twitter.com/pressedyes/status/1436860442450796546
  (no media)
10. 2021/09/09 12:37:33 https://twitter.com/pressedyes/status/1436081365506736131
  (no media)
11. 2021/09/09 12:35:53 https://twitter.com/pressedyes/status/1436080945191337985
  (no media)
12. 2021/09/09 12:34:55 https://twitter.com/pressedyes/status/1436080701670035459
  (no media)
13. 2021/09/01 08:54:36 https://twitter.com/pressedyes/status/1433126156421767170
  (no media)
14. 2021/07/26 11:26:37 https://twitter.com/pressedyes/status/1419756060282441729
  (no media)
15. 2021/07/11 08:37:37 https://twitter.com/pressedyes/status/1414277712039006208
  (no media)
16. 2021/06/22 10:02:58 https://twitter.com/pressedyes/status/1407413823993221122
  (no media)
17. 2021/05/05 03:07:12 https://twitter.com/pressedyes/status/1389914574963552261
  (no media)
18. 2021/03/29 05:57:02 https://twitter.com/pressedyes/status/1376548963294318592
  (no media)
19. 2021/03/29 05:49:14 https://twitter.com/pressedyes/status/1376546999391096834
  (no media)
20. 2021/03/29 05:48:50 https://twitter.com/pressedyes/status/1376546898018983939
  (no media)
21. 2021/03/25 12:50:13 https://twitter.com/pressedyes/status/1375203391538933766
  (no media)
22. 2021/03/17 13:24:18 https://twitter.com/pressedyes/status/1372312866569732108
  (no media)
23. 2021/03/16 13:17:49 https://twitter.com/pressedyes/status/1371948849183535107
  (no media)
24. 2021/03/12 01:53:57 https://twitter.com/pressedyes/status/1370342296831557636
  (no media)
25. 2021/03/11 12:28:02 https://twitter.com/pressedyes/status/1370139480502497291
  (no media)
26. 2021/03/06 14:24:27 https://twitter.com/pressedyes/status/1368356836349476866
  (no media)
27. 2021/03/05 06:27:28 https://twitter.com/pressedyes/status/1367874410548494340
  (no media)
28. 2021/03/05 06:19:52 https://twitter.com/pressedyes/status/1367872499657170946
  (no media)
29. 2021/03/05 05:39:11 https://twitter.com/pressedyes/status/1367862260354478101
  (no media)
30. 2021/02/27 17:17:29 https://twitter.com/pressedyes/status/1365863669125545986
  (no media)
31. 2021/02/27 16:29:08 https://twitter.com/pressedyes/status/1365851499499290627
  (no media)
32. 2021/02/27 14:46:10 https://twitter.com/pressedyes/status/1365825586762047491
  (no media)
33. 2021/02/27 05:51:28 https://twitter.com/pressedyes/status/1365691027265376259
  (no media)
34. 2021/02/26 17:41:53 https://twitter.com/pressedyes/status/1365507419636453376
  (no media)
35. 2021/02/26 17:31:02 https://twitter.com/pressedyes/status/1365504689408778241
  (no media)
36. 2021/02/26 17:28:54 https://twitter.com/pressedyes/status/1365504152080687107
  (no media)
37. 2021/02/26 17:24:14 https://twitter.com/pressedyes/status/1365502977532919809
  img1) https://pbs.twimg.com/media/EvM88yPXMAE_oT7?format=png&name=orig
38. 2021/02/24 06:59:50 https://twitter.com/pressedyes/status/1364621066392526848
  (no media)
39. 2021/02/23 14:36:25 https://twitter.com/pressedyes/status/1364373580159594496
  (no media)
40. 2021/02/23 03:53:28 https://twitter.com/pressedyes/status/1364211779417563137
  (no media)
41. 2021/02/20 15:58:34 https://twitter.com/pressedyes/status/1363307093529403393
  (no media)
42. 2021/02/19 15:48:15 https://twitter.com/pressedyes/status/1362942108051636225
  img1) https://pbs.twimg.com/media/EuokfgbXYAUmbZ3?format=png&name=orig
43. 2021/02/18 15:21:18 https://twitter.com/pressedyes/status/1362572940114542593
  (no media)
44. 2021/02/16 15:35:01 https://twitter.com/pressedyes/status/1361851613963501570
  (no media)
45. 2021/02/16 14:50:40 https://twitter.com/pressedyes/status/1361840454464118787
  (no media)
46. 2021/02/16 14:25:12 https://twitter.com/pressedyes/status/1361834042669342722
  (no media)
47. 2021/02/16 09:47:53 https://twitter.com/pressedyes/status/1361764257206054917
  (no media)
48. 2021/02/16 09:27:05 https://twitter.com/pressedyes/status/1361759019598290946
  (no media)
49. 2021/02/14 13:45:13 https://twitter.com/pressedyes/status/1361099205285208065
  (no media)
50. 2021/02/14 13:34:38 https://twitter.com/pressedyes/status/1361096541616955395
  (no media)
51. 2021/02/11 10:52:30 https://twitter.com/pressedyes/status/1359968578120867851
  (no media)
52. 2021/02/11 07:25:09 https://twitter.com/pressedyes/status/1359916397929918464
  (no media)
53. 2021/02/11 07:22:59 https://twitter.com/pressedyes/status/1359915852615868422
  (no media)
54. 2021/02/09 15:33:36 https://twitter.com/pressedyes/status/1359314543806193668
  (no media)
55. 2021/02/09 14:58:29 https://twitter.com/pressedyes/status/1359305703970734080
  (no media)
56. 2021/02/09 14:47:45 https://twitter.com/pressedyes/status/1359303004005007360
  img1) https://pbs.twimg.com/media/Et02r7kWYAM-9Yp?format=png&name=orig
57. 2021/02/09 12:28:57 https://twitter.com/pressedyes/status/1359268072847196161
  (no media)
58. 2021/02/09 10:42:44 https://twitter.com/pressedyes/status/1359241345521565703
  (no media)
59. 2021/02/09 10:42:41 https://twitter.com/pressedyes/status/1359241331026128904
  (no media)
60. 2021/02/09 10:12:56 https://twitter.com/pressedyes/status/1359233846437437442
  (no media)
61. 2021/02/08 16:05:24 https://twitter.com/pressedyes/status/1358960158366453765
  (no media)
62. 2021/02/06 07:06:29 https://twitter.com/pressedyes/status/1358099757240102913
  (no media)
63. 2021/02/06 06:40:17 https://twitter.com/pressedyes/status/1358093166394695683
  (no media)
64. 2021/01/23 16:25:33 https://twitter.com/pressedyes/status/1353167020796366848
  (no media)
65. 2021/01/23 15:45:11 https://twitter.com/pressedyes/status/1353156862594711553
  (no media)
66. 2021/01/23 15:40:33 https://twitter.com/pressedyes/status/1353155698486554628
  (no media)
67. 2021/01/23 15:25:09 https://twitter.com/pressedyes/status/1353151823734046720
  (no media)
68. 2021/01/23 15:22:12 https://twitter.com/pressedyes/status/1353151079912001538
  (no media)
69. 2021/01/23 15:15:02 https://twitter.com/pressedyes/status/1353149275702775809
  (no media)
70. 2021/01/20 15:38:26 https://twitter.com/pressedyes/status/1352068002850734080
  (no media)
71. 2021/01/20 15:32:51 https://twitter.com/pressedyes/status/1352066598518087683
  img1) https://pbs.twimg.com/media/EsOBZlQXEAMyvwz?format=png&name=orig
72. 2020/12/31 16:34:58 https://twitter.com/pressedyes/status/1344834472697602049
  (no media)
73. 2020/12/31 06:35:03 https://twitter.com/pressedyes/status/1344683495797493761
  (no media)
74. 2020/12/31 06:30:57 https://twitter.com/pressedyes/status/1344682464283914247
  (no media)
75. 2020/12/31 06:27:23 https://twitter.com/pressedyes/status/1344681569114607619
  (no media)
76. 2020/12/29 10:53:07 https://twitter.com/pressedyes/status/1344023665432809472
  (no media)
77. 2020/12/25 13:15:03 https://twitter.com/pressedyes/status/1342609831878922242
  (no media)
78. 2020/12/24 15:42:05 https://twitter.com/pressedyes/status/1342284448449101824
  (no media)
79. 2020/12/24 15:04:43 https://twitter.com/pressedyes/status/1342275045574537218
  (no media)
80. 2020/12/24 14:58:42 https://twitter.com/pressedyes/status/1342273529455255556
  vid1) https://video.twimg.com/ext_tw_video/1342273433363734530/pu/vid/960x720/a_G3f1UKzz9Dtra5.mp4?tag=10
81. 2020/12/24 14:48:43 https://twitter.com/pressedyes/status/1342271016979066885
  (no media)
82. 2020/12/24 11:23:42 https://twitter.com/pressedyes/status/1342219422610714624
  (no media)
83. 2020/12/21 15:50:41 https://twitter.com/pressedyes/status/1341199448932835329
  (no media)
84. 2020/12/21 15:23:52 https://twitter.com/pressedyes/status/1341192700649988097
  (no media)
85. 2020/12/21 15:16:09 https://twitter.com/pressedyes/status/1341190758074859520
  (no media)
86. 2020/12/20 13:57:13 https://twitter.com/pressedyes/status/1340808504916008966
  (no media)
87. 2020/12/20 06:31:52 https://twitter.com/pressedyes/status/1340696430349053957
  (no media)
88. 2020/12/09 17:00:58 https://twitter.com/pressedyes/status/1336868481598418944
  (no media)
89. 2020/12/09 16:53:33 https://twitter.com/pressedyes/status/1336866616840253442
  (no media)
90. 2020/12/09 15:12:03 https://twitter.com/pressedyes/status/1336841071003832326
  (no media)
91. 2020/11/27 14:12:40 https://twitter.com/pressedyes/status/1332477473578225669
  (no media)
92. 2020/11/24 13:06:14 https://twitter.com/pressedyes/status/1331373590760054784
  (no media)
93. 2020/11/24 11:27:19 https://twitter.com/pressedyes/status/1331348698236919811
  (no media)
94. 2020/11/23 10:50:40 https://twitter.com/pressedyes/status/1330977084781568000
  (no media)
95. 2020/11/23 10:25:02 https://twitter.com/pressedyes/status/1330970633904271361
  (no media)
96. 2020/11/23 10:17:45 https://twitter.com/pressedyes/status/1330968804856377346
  (no media)
97. 2020/11/23 10:17:45 https://twitter.com/pressedyes/status/1330968803312889857
  (no media)
98. 2020/11/23 10:11:02 https://twitter.com/pressedyes/status/1330967112840515585
  (no media)
99. 2020/11/23 10:11:02 https://twitter.com/pressedyes/status/1330967110655336455
  (no media)
100. 2020/11/23 10:11:01 https://twitter.com/pressedyes/status/1330967108830851072
  (no media)
101. 2020/11/23 07:31:03 https://twitter.com/pressedyes/status/1330926852035186695
  (no media)
102. 2020/11/23 07:31:03 https://twitter.com/pressedyes/status/1330926850994999297
  (no media)
103. 2020/11/21 13:49:40 https://twitter.com/pressedyes/status/1330297358232543234
  (no media)
104. 2020/11/21 07:45:56 https://twitter.com/pressedyes/status/1330205820563361792
  (no media)
105. 2020/11/20 09:01:58 https://twitter.com/pressedyes/status/1329862569167826944
  (no media)
106. 2020/11/20 07:11:15 https://twitter.com/pressedyes/status/1329834703248121857
  (no media)
107. 2020/11/20 06:55:49 https://twitter.com/pressedyes/status/1329830821063225344
  (no media)
108. 2020/11/18 09:29:23 https://twitter.com/pressedyes/status/1329144692647354370
  (no media)
109. 2020/11/18 05:40:05 https://twitter.com/pressedyes/status/1329086987219812352
  (no media)
110. 2020/11/17 15:51:16 https://twitter.com/pressedyes/status/1328878408584015874
  (no media)
111. 2020/11/16 16:20:44 https://twitter.com/pressedyes/status/1328523435828518914
  (no media)
112. 2020/11/16 16:16:33 https://twitter.com/pressedyes/status/1328522383163092994
  (no media)
113. 2020/11/15 16:22:29 https://twitter.com/pressedyes/status/1328161486762598400
  (no media)
114. 2020/11/15 16:09:29 https://twitter.com/pressedyes/status/1328158217508184064
  (no media)
115. 2020/11/15 15:53:17 https://twitter.com/pressedyes/status/1328154138476154881
  img1) https://pbs.twimg.com/media/Em6MbaZXYAYGYXt?format=png&name=orig
116. 2020/11/03 06:38:16 https://twitter.com/pressedyes/status/1323665812041981952
  img1) https://pbs.twimg.com/media/El6bBNgXgAEU29k?format=png&name=orig
117. 2020/10/30 12:32:26 https://twitter.com/pressedyes/status/1322290289659228160
  (no media)
118. 2020/10/16 07:34:33 https://twitter.com/pressedyes/status/1317141893810212872
  (no media)
119. 2020/10/16 02:35:58 https://twitter.com/pressedyes/status/1317066752069697537
  (no media)
120. 2020/09/02 15:15:48 https://twitter.com/pressedyes/status/1301312904877215744
  (no media)
121. 2020/08/27 09:37:25 https://twitter.com/pressedyes/status/1299053420079349761
  (no media)
122. 2020/08/27 09:37:24 https://twitter.com/pressedyes/status/1299053418993061897
  (no media)
123. 2020/08/18 12:26:11 https://twitter.com/pressedyes/status/1295834400689659905
  (no media)
124. 2020/08/11 04:29:21 https://twitter.com/pressedyes/status/1293177687134134272
  (no media)
125. 2020/07/30 12:39:28 https://twitter.com/pressedyes/status/1288952377048018945
  (no media)
126. 2020/07/30 12:30:30 https://twitter.com/pressedyes/status/1288950118717304838
  (no media)
127. 2020/07/18 04:48:44 https://twitter.com/pressedyes/status/1284485256297549825
  img1) https://pbs.twimg.com/media/EdNmIOmWkAE_yA4?format=png&name=orig
128. 2020/07/14 05:02:49 https://twitter.com/pressedyes/status/1283039251299475456
  (no media)
129. 2020/07/14 04:59:28 https://twitter.com/pressedyes/status/1283038405492973573
  (no media)
130. 2020/07/09 10:02:06 https://twitter.com/pressedyes/status/1281302626416709640
  (no media)
131. 2020/07/06 10:57:52 https://twitter.com/pressedyes/status/1280229499813146627
  (no media)
132. 2020/07/06 09:20:36 https://twitter.com/pressedyes/status/1280205018298277890
  (no media)
133. 2020/07/06 07:32:55 https://twitter.com/pressedyes/status/1280177919038492672
  (no media)
134. 2020/07/06 06:47:06 https://twitter.com/pressedyes/status/1280166389815414784
  img1) https://pbs.twimg.com/media/EcQQf_KWAAAciXs?format=jpg&name=orig
135. 2020/07/06 06:46:25 https://twitter.com/pressedyes/status/1280166220034121730
  vid1) https://video.twimg.com/ext_tw_video/1280162081090789376/pu/vid/960x720/sb9yes8Gate6bj-A.mp4?tag=10
136. 2020/06/16 14:35:35 https://twitter.com/pressedyes/status/1273036530337136640
  (no media)
137. 2020/06/16 13:56:08 https://twitter.com/pressedyes/status/1273026603174498305
  (no media)
138. 2020/06/15 07:51:42 https://twitter.com/pressedyes/status/1272572501227450370
  (no media)
139. 2020/06/02 09:07:24 https://twitter.com/pressedyes/status/1267880511671853056
  (no media)
140. 2020/05/20 04:49:27 https://twitter.com/pressedyes/status/1263104554972909568
  (no media)
141. 2020/05/15 16:59:55 https://twitter.com/pressedyes/status/1261476440014536710
  (no media)
142. 2020/05/08 12:08:43 https://twitter.com/pressedyes/status/1258866445930332167
  (no media)
143. 2020/04/16 09:36:43 https://twitter.com/pressedyes/status/1250855660918620160
  (no media)
144. 2020/03/25 16:19:49 https://twitter.com/pressedyes/status/1242984569302900744
  (no media)
145. 2020/03/25 16:19:49 https://twitter.com/pressedyes/status/1242984568359174145
  (no media)
146. 2020/03/18 12:42:47 https://twitter.com/pressedyes/status/1240393236734189569
  (no media)
147. 2020/03/18 12:20:38 https://twitter.com/pressedyes/status/1240387661333966855
  (no media)
148. 2020/03/08 12:10:09 https://twitter.com/pressedyes/status/1236761145521905664
  (no media)
149. 2020/03/02 13:27:00 https://twitter.com/pressedyes/status/1234621256701501441
  (no media)
150. 2020/03/02 12:49:18 https://twitter.com/pressedyes/status/1234611768741289984
  (no media)
151. 2020/02/29 09:39:54 https://twitter.com/pressedyes/status/1233839327941099526
  (no media)
152. 2020/02/29 09:39:53 https://twitter.com/pressedyes/status/1233839327010000897
  (no media)
153. 2020/02/29 09:39:53 https://twitter.com/pressedyes/status/1233839326066364418
  (no media)
154. 2020/02/28 07:28:23 https://twitter.com/pressedyes/status/1233443843325992961
  (no media)
155. 2020/02/26 13:13:18 https://twitter.com/pressedyes/status/1232805868090998785
  (no media)
156. 2020/02/24 12:09:37 https://twitter.com/pressedyes/status/1232065067635662848
  (no media)
157. 2020/02/16 14:03:19 https://twitter.com/pressedyes/status/1229194579234127874
  (no media)
158. 2020/02/15 10:18:08 https://twitter.com/pressedyes/status/1228775519308668931
  (no media)
159. 2020/02/13 10:55:33 https://twitter.com/pressedyes/status/1228060161786470405
  (no media)
160. 2020/02/13 10:13:51 https://twitter.com/pressedyes/status/1228049667512033280
  (no media)
161. 2020/02/13 06:06:13 https://twitter.com/pressedyes/status/1227987349386276866
  (no media)
162. 2020/02/13 05:35:03 https://twitter.com/pressedyes/status/1227979504930500608
  (no media)
163. 2020/02/13 05:15:55 https://twitter.com/pressedyes/status/1227974691534655493
  (no media)
164. 2020/02/13 05:15:55 https://twitter.com/pressedyes/status/1227974690251182081
  (no media)
165. 2020/02/11 13:29:46 https://twitter.com/pressedyes/status/1227374196591910913
  (no media)
166. 2020/02/11 06:56:08 https://twitter.com/pressedyes/status/1227275133724897280
  (no media)
167. 2020/02/11 06:23:16 https://twitter.com/pressedyes/status/1227266865669509120
  (no media)
168. 2020/02/09 08:00:16 https://twitter.com/pressedyes/status/1226566498736656386
  (no media)
169. 2020/02/09 07:58:29 https://twitter.com/pressedyes/status/1226566050482880513
  (no media)
170. 2020/02/08 05:05:30 https://twitter.com/pressedyes/status/1226160131576139778
  (no media)
171. 2020/02/07 03:53:27 https://twitter.com/pressedyes/status/1225779608022372352
  (no media)
172. 2020/02/07 02:55:33 https://twitter.com/pressedyes/status/1225765039115841537
  (no media)
173. 2020/02/07 02:37:14 https://twitter.com/pressedyes/status/1225760430557192192
  (no media)
174. 2020/02/04 12:54:54 https://twitter.com/pressedyes/status/1224828708495773696
  (no media)
175. 2020/02/03 13:59:45 https://twitter.com/pressedyes/status/1224482640461541376
  (no media)
176. 2020/02/02 04:19:22 https://twitter.com/pressedyes/status/1223974192313503744
  (no media)
177. 2020/02/01 15:48:24 https://twitter.com/pressedyes/status/1223785205984649216
  (no media)
178. 2020/02/01 10:58:06 https://twitter.com/pressedyes/status/1223712150532825088
  (no media)
179. 2020/01/31 15:39:48 https://twitter.com/pressedyes/status/1223420652880900096
  (no media)
180. 2020/01/31 15:37:31 https://twitter.com/pressedyes/status/1223420077946613760
  (no media)
181. 2020/01/31 15:36:53 https://twitter.com/pressedyes/status/1223419917376151553
  (no media)
182. 2020/01/30 08:09:16 https://twitter.com/pressedyes/status/1222944886388875265
  (no media)
183. 2020/01/30 07:47:07 https://twitter.com/pressedyes/status/1222939310531497985
  (no media)
184. 2020/01/23 01:33:46 https://twitter.com/pressedyes/status/1220308637752659974
  (no media)
185. 2020/01/20 16:14:53 https://twitter.com/pressedyes/status/1219443215662747649
  (no media)
186. 2020/01/17 07:49:23 https://twitter.com/pressedyes/status/1218228838326571009
  (no media)
187. 2020/01/17 07:23:58 https://twitter.com/pressedyes/status/1218222444688945153
  (no media)
188. 2020/01/17 06:56:40 https://twitter.com/pressedyes/status/1218215570925084673
  (no media)
189. 2020/01/16 14:42:34 https://twitter.com/pressedyes/status/1217970432248250368
  (no media)
190. 2020/01/16 14:01:34 https://twitter.com/pressedyes/status/1217960114914824197
  (no media)
191. 2020/01/16 07:11:38 https://twitter.com/pressedyes/status/1217856949490003970
  (no media)
192. 2020/01/15 15:33:43 https://twitter.com/pressedyes/status/1217620915632119811
  (no media)
193. 2020/01/14 06:29:54 https://twitter.com/pressedyes/status/1217121671674580992
  (no media)
194. 2020/01/09 10:51:50 https://twitter.com/pressedyes/status/1215375651592724480
  (no media)
195. 2020/01/09 10:29:00 https://twitter.com/pressedyes/status/1215369905786249216
  (no media)
196. 2020/01/08 07:55:25 https://twitter.com/pressedyes/status/1214968865828028416
  (no media)
197. 2020/01/07 06:37:34 https://twitter.com/pressedyes/status/1214586887345778690
  (no media)
198. 2020/01/07 05:55:47 https://twitter.com/pressedyes/status/1214576370380087298
  (no media)
199. 2020/01/07 05:37:17 https://twitter.com/pressedyes/status/1214571718406295552
  (no media)
200. 2020/01/07 05:36:19 https://twitter.com/pressedyes/status/1214571474280947716
  (no media)
201. 2020/01/02 11:52:31 https://twitter.com/pressedyes/status/1212854206450798597
  (no media)
202. 2020/01/02 06:57:05 https://twitter.com/pressedyes/status/1212779859644162048
  (no media)
203. 2020/01/02 05:29:39 https://twitter.com/pressedyes/status/1212757854127562754
  (no media)
204. 2019/12/31 15:15:21 https://twitter.com/pressedyes/status/1212180478364733441
  (no media)
205. 2019/12/31 14:58:43 https://twitter.com/pressedyes/status/1212176290301775872
  (no media)
206. 2019/12/31 14:15:28 https://twitter.com/pressedyes/status/1212165408016551936
  (no media)
207. 2019/12/31 14:08:53 https://twitter.com/pressedyes/status/1212163749769035777
  (no media)
208. 2019/12/31 13:25:23 https://twitter.com/pressedyes/status/1212152803185057792
  (no media)
209. 2019/12/31 13:14:53 https://twitter.com/pressedyes/status/1212150159779520512
  (no media)
210. 2019/12/31 11:33:25 https://twitter.com/pressedyes/status/1212124626979033090
  (no media)
211. 2019/12/31 10:21:22 https://twitter.com/pressedyes/status/1212106491412566017
  img1) https://pbs.twimg.com/media/ENJEbaJWoAA75U2?format=jpg&name=orig
212. 2019/12/31 10:10:23 https://twitter.com/pressedyes/status/1212103729085898752
  (no media)
213. 2019/12/31 10:05:30 https://twitter.com/pressedyes/status/1212102498523254784
  vid1) https://video.twimg.com/ext_tw_video/1212102425622044672/pu/vid/960x720/OlSfuiGvHw140GVQ.mp4?tag=10
214. 2019/12/20 07:32:19 https://twitter.com/pressedyes/status/1208077683554488320
  (no media)
215. 2019/12/20 07:19:06 https://twitter.com/pressedyes/status/1208074357538459650
  (no media)
216. 2019/12/20 07:11:10 https://twitter.com/pressedyes/status/1208072361351811073
  (no media)
217. 2019/12/20 07:10:12 https://twitter.com/pressedyes/status/1208072117671145473
  (no media)
218. 2019/12/20 07:09:37 https://twitter.com/pressedyes/status/1208071971726151680
  (no media)
219. 2019/12/20 07:08:24 https://twitter.com/pressedyes/status/1208071663654445057
  (no media)
220. 2019/12/17 07:28:58 https://twitter.com/pressedyes/status/1206989676604723200
  (no media)
221. 2019/12/17 02:12:35 https://twitter.com/pressedyes/status/1206910056157065216
  (no media)
222. 2019/12/16 14:15:35 https://twitter.com/pressedyes/status/1206729617572335616
  (no media)
223. 2019/12/16 13:52:54 https://twitter.com/pressedyes/status/1206723909216849921
  (no media)
224. 2019/12/13 11:02:30 https://twitter.com/pressedyes/status/1205593864796540928
  (no media)
225. 2019/12/09 15:17:02 https://twitter.com/pressedyes/status/1204208366190510087
  img1) https://pbs.twimg.com/media/ELY1IEqWkAApJev?format=png&name=orig
226. 2019/12/09 13:29:37 https://twitter.com/pressedyes/status/1204181333389561857
  (no media)
227. 2019/12/07 17:23:53 https://twitter.com/pressedyes/status/1203515513785212928
  (no media)
228. 2019/12/07 17:00:21 https://twitter.com/pressedyes/status/1203509593005002753
  (no media)
229. 2019/12/07 16:51:56 https://twitter.com/pressedyes/status/1203507474894069760
  (no media)
230. 2019/12/07 11:17:00 https://twitter.com/pressedyes/status/1203423183526879233
  (no media)
231. 2019/12/07 10:50:06 https://twitter.com/pressedyes/status/1203416414553554950
  (no media)
232. 2019/12/07 10:28:39 https://twitter.com/pressedyes/status/1203411017746853889
  (no media)
233. 2019/12/07 10:04:43 https://twitter.com/pressedyes/status/1203404994600427520
  (no media)
234. 2019/12/07 09:42:27 https://twitter.com/pressedyes/status/1203399390108569600
  (no media)
235. 2019/12/06 07:10:05 https://twitter.com/pressedyes/status/1202998656892313600
  (no media)
236. 2019/12/05 07:03:31 https://twitter.com/pressedyes/status/1202634617070723073
  (no media)
237. 2019/12/04 15:36:34 https://twitter.com/pressedyes/status/1202401344730075136
  (no media)
238. 2019/12/04 10:31:41 https://twitter.com/pressedyes/status/1202324617161068544
  (no media)
239. 2019/12/02 11:39:37 https://twitter.com/pressedyes/status/1201616939061317638
  (no media)
240. 2019/12/01 08:16:22 https://twitter.com/pressedyes/status/1201203400064544768
  (no media)
241. 2019/12/01 08:13:57 https://twitter.com/pressedyes/status/1201202791320035330
  (no media)
242. 2019/12/01 04:29:52 https://twitter.com/pressedyes/status/1201146398734991361
  (no media)
243. 2019/11/30 19:11:54 https://twitter.com/pressedyes/status/1201005983608311812
  (no media)
244. 2019/11/30 18:50:42 https://twitter.com/pressedyes/status/1201000647451185152
  (no media)
245. 2019/11/30 18:40:14 https://twitter.com/pressedyes/status/1200998012845252608
  (no media)
246. 2019/11/30 17:50:17 https://twitter.com/pressedyes/status/1200985442302283776
  (no media)
247. 2019/11/29 07:10:28 https://twitter.com/pressedyes/status/1200462039166148608
  (no media)
248. 2019/11/29 06:46:39 https://twitter.com/pressedyes/status/1200456048420761600
  (no media)
249. 2019/11/29 03:37:47 https://twitter.com/pressedyes/status/1200408516961460225
  (no media)
250. 2019/11/29 03:36:56 https://twitter.com/pressedyes/status/1200408303395848192
  (no media)
251. 2019/11/28 14:37:44 https://twitter.com/pressedyes/status/1200212208707407872
  (no media)
252. 2019/11/28 13:46:08 https://twitter.com/pressedyes/status/1200199225205821440
  (no media)
253. 2019/11/28 13:36:45 https://twitter.com/pressedyes/status/1200196864945139713
  (no media)
254. 2019/11/28 12:43:21 https://twitter.com/pressedyes/status/1200183426004987904
  (no media)
255. 2019/11/28 12:42:10 https://twitter.com/pressedyes/status/1200183126842126337
  (no media)
256. 2019/11/28 12:41:32 https://twitter.com/pressedyes/status/1200182967328477185
  (no media)
257. 2019/11/28 03:49:39 https://twitter.com/pressedyes/status/1200049116769914880
  (no media)
258. 2019/11/28 01:57:49 https://twitter.com/pressedyes/status/1200020971878592512
  (no media)
259. 2019/11/28 01:57:25 https://twitter.com/pressedyes/status/1200020869420068866
  (no media)
260. 2019/11/27 18:52:33 https://twitter.com/pressedyes/status/1199913949749268480
  (no media)
261. 2019/11/25 09:42:09 https://twitter.com/pressedyes/status/1199050661851205632
  (no media)
262. 2019/11/25 09:38:07 https://twitter.com/pressedyes/status/1199049644757700610
  (no media)
263. 2019/11/20 06:32:48 https://twitter.com/pressedyes/status/1197191068502183936
  (no media)
264. 2019/11/19 16:37:53 https://twitter.com/pressedyes/status/1196980957330509825
  (no media)
265. 2019/11/18 16:31:56 https://twitter.com/pressedyes/status/1196617070001246208
  (no media)
266. 2019/11/18 16:31:48 https://twitter.com/pressedyes/status/1196617039181422592
  (no media)
267. 2019/11/18 16:31:41 https://twitter.com/pressedyes/status/1196617008424587265
  (no media)
268. 2019/11/18 16:31:32 https://twitter.com/pressedyes/status/1196616971980288000
  (no media)
269. 2019/11/18 16:31:22 https://twitter.com/pressedyes/status/1196616930410545152
  (no media)
270. 2019/11/18 16:31:10 https://twitter.com/pressedyes/status/1196616878573133824
  (no media)
271. 2019/11/18 16:31:00 https://twitter.com/pressedyes/status/1196616836277817344
  (no media)
272. 2019/11/18 04:44:54 https://twitter.com/pressedyes/status/1196439141417934849
  (no media)
273. 2019/11/16 16:16:21 https://twitter.com/pressedyes/status/1195888374336364544
  (no media)
274. 2019/11/16 12:00:23 https://twitter.com/pressedyes/status/1195823958840532996
  (no media)
275. 2019/11/15 07:05:55 https://twitter.com/pressedyes/status/1195387465483390977
  (no media)
276. 2019/11/15 05:53:52 https://twitter.com/pressedyes/status/1195369332454367233
  (no media)
277. 2019/11/15 03:17:25 https://twitter.com/pressedyes/status/1195329959650381824
  (no media)
278. 2019/11/15 03:09:23 https://twitter.com/pressedyes/status/1195327939312791552
  (no media)
279. 2019/11/15 02:51:39 https://twitter.com/pressedyes/status/1195323477584158720
  (no media)
280. 2019/11/15 02:51:02 https://twitter.com/pressedyes/status/1195323320180387840
  (no media)
281. 2019/11/14 15:58:14 https://twitter.com/pressedyes/status/1195159037819719680
  (no media)
282. 2019/11/14 15:16:12 https://twitter.com/pressedyes/status/1195148462041583616
  img1) https://pbs.twimg.com/media/EJYFMMJXUAA-ZMy?format=png&name=orig
283. 2019/11/14 14:45:04 https://twitter.com/pressedyes/status/1195140625051594752
  (no media)
284. 2019/11/14 14:30:33 https://twitter.com/pressedyes/status/1195136971976388608
  img1) https://pbs.twimg.com/media/EJX6veSXYAAzmHj?format=png&name=orig
285. 2019/11/14 13:48:13 https://twitter.com/pressedyes/status/1195126318347763713
  img1) https://pbs.twimg.com/media/EJXxDXHXkAAdJoh?format=png&name=orig
286. 2019/11/14 13:18:15 https://twitter.com/pressedyes/status/1195118777056342017
  img1) https://pbs.twimg.com/media/EJXqMXvXkAIkIXQ?format=png&name=orig
287. 2019/11/14 13:13:15 https://twitter.com/pressedyes/status/1195117520795185157
  img1) https://pbs.twimg.com/media/EJXpDQ-WsAAAZhP?format=png&name=orig
288. 2019/11/14 13:12:29 https://twitter.com/pressedyes/status/1195117325634150400
  img1) https://pbs.twimg.com/media/EJXo338XsAIPqcr?format=png&name=orig
289. 2019/11/13 10:31:42 https://twitter.com/pressedyes/status/1194714474747437058
  (no media)
290. 2019/11/13 09:47:36 https://twitter.com/pressedyes/status/1194703378498117632
  (no media)
291. 2019/11/13 09:32:48 https://twitter.com/pressedyes/status/1194699653553504256
  (no media)
292. 2019/11/13 09:31:23 https://twitter.com/pressedyes/status/1194699298757365762
  (no media)
293. 2019/11/13 09:21:23 https://twitter.com/pressedyes/status/1194696778534273025
  (no media)
294. 2019/10/16 06:13:38 https://twitter.com/pressedyes/status/1184487570685734912
  (no media)
295. 2019/10/15 09:47:27 https://twitter.com/pressedyes/status/1184178993630724096
  (no media)
296. 2019/06/18 02:44:58 https://twitter.com/pressedyes/status/1140948515125911553
  (no media)
297. 2019/05/29 15:57:12 https://twitter.com/pressedyes/status/1133900130447450113
  (no media)
298. 2018/07/28 12:10:42 https://twitter.com/pressedyes/status/1023314832093798401
  (no media)
299. 2018/07/28 11:58:45 https://twitter.com/pressedyes/status/1023311824236756992
  (no media)
300. 2018/07/28 09:28:04 https://twitter.com/pressedyes/status/1023273901122564096
  (no media)
301. 2018/07/25 06:35:09 https://twitter.com/pressedyes/status/1022143223710605313
  (no media)
302. 2018/07/13 04:20:09 https://twitter.com/pressedyes/status/1017760596601778176
  (no media)
303. 2017/08/11 15:58:23 https://twitter.com/pressedyes/status/896173988753395712
  (no media)
304. 2017/08/11 15:47:24 https://twitter.com/pressedyes/status/896171222752514048
  (no media)
305. 2017/07/26 12:18:26 https://twitter.com/pressedyes/status/890320431248494594
  (no media)
306. 2017/04/28 07:38:50 https://twitter.com/pressedyes/status/857997546005966848
  (no media)
307. 2017/04/20 16:44:45 https://twitter.com/pressedyes/status/855235825784762368
  (no media)
308. 2017/01/06 14:35:14 https://twitter.com/pressedyes/status/817529995308531718
  (no media)
309. 2016/12/28 03:24:09 https://twitter.com/pressedyes/status/814099620297109505
  (no media)
310. 2016/12/19 10:20:29 https://twitter.com/pressedyes/status/810942903237443585
  (no media)
311. 2016/10/18 10:16:55 https://twitter.com/pressedyes/status/788458858888867840
  (no media)
312. 2016/09/09 03:57:24 https://twitter.com/pressedyes/status/774230223319695360
  (no media)
313. 2016/09/06 09:59:45 https://twitter.com/pressedyes/status/773234249235300352
  (no media)
314. 2016/09/06 09:59:00 https://twitter.com/pressedyes/status/773234058721652736
  (no media)
315. 2016/09/06 09:58:26 https://twitter.com/pressedyes/status/773233917134512128
  (no media)
316. 2016/09/06 09:57:45 https://twitter.com/pressedyes/status/773233745193209857
  (no media)
317. 2016/09/03 12:50:31 https://twitter.com/pressedyes/status/772190058191413248
  (no media)
318. 2016/09/03 12:49:47 https://twitter.com/pressedyes/status/772189874812256256
  (no media)
319. 2016/09/03 12:48:53 https://twitter.com/pressedyes/status/772189646684090369
  (no media)
320. 2016/09/02 11:19:38 https://twitter.com/pressedyes/status/771804802225496068
  (no media)
321. 2016/09/01 10:46:31 https://twitter.com/pressedyes/status/771434080151928832
  (no media)
322. 2016/09/01 10:45:41 https://twitter.com/pressedyes/status/771433868910030849
  (no media)
323. 2016/09/01 10:42:03 https://twitter.com/pressedyes/status/771432954811785216
  (no media)
324. 2016/09/01 10:08:19 https://twitter.com/pressedyes/status/771424466568044544
  (no media)
325. 2016/07/19 06:55:48 https://twitter.com/pressedyes/status/755430951031676928
  (no media)
326. 2016/07/19 04:56:46 https://twitter.com/pressedyes/status/755400995882971136
  (no media)
327. 2016/06/06 01:38:29 https://twitter.com/pressedyes/status/739768416387485697
  (no media)
328. 2016/06/05 05:04:11 https://twitter.com/pressedyes/status/739457793300811777
  (no media)
329. 2016/06/05 05:02:58 https://twitter.com/pressedyes/status/739457488005795840
  (no media)
330. 2016/06/05 05:01:32 https://twitter.com/pressedyes/status/739457127476043777
  (no media)
331. 2016/05/12 01:44:36 https://twitter.com/pressedyes/status/730710258599890944
  (no media)
332. 2016/05/12 01:42:59 https://twitter.com/pressedyes/status/730709851173621760
  (no media)
333. 2016/05/12 01:40:01 https://twitter.com/pressedyes/status/730709106969874432
  (no media)
334. 2016/01/15 19:05:34 https://twitter.com/pressedyes/status/688225560581963777
  (no media)
335. 2016/01/14 07:02:12 https://twitter.com/pressedyes/status/687681131169341441
  (no media)
336. 2015/09/30 15:09:08 https://twitter.com/pressedyes/status/649375459038359552
  img1) https://pbs.twimg.com/media/CQMLieyUcAAg8af?format=png&name=orig
337. 2015/09/24 15:22:49 https://twitter.com/pressedyes/status/647204574172979200
  img1) https://pbs.twimg.com/media/CPtVIXBWwAAjT1E?format=png&name=orig
338. 2015/09/24 15:01:07 https://twitter.com/pressedyes/status/647199112505507840
  img1) https://pbs.twimg.com/media/CPtQKbUUAAAw0F-?format=png&name=orig
339. 2015/09/24 13:33:17 https://twitter.com/pressedyes/status/647177009358106624
  img1) https://pbs.twimg.com/media/CPs8D4cXAAAbY-6?format=png&name=orig
340. 2015/09/23 16:12:22 https://twitter.com/pressedyes/status/646854657344675840
  img1) https://pbs.twimg.com/media/CPoW4hrWcAEYHfM?format=png&name=orig
341. 2015/09/22 17:06:12 https://twitter.com/pressedyes/status/646505815734657025
  (no media)
342. 2015/09/22 14:29:58 https://twitter.com/pressedyes/status/646466497410396160
  (no media)
343. 2015/08/29 19:26:41 https://twitter.com/pressedyes/status/637843860018868224
  (no media)
344. 2015/08/16 11:09:30 https://twitter.com/pressedyes/status/633007696321626112
  (no media)
345. 2015/08/16 11:02:09 https://twitter.com/pressedyes/status/633005848911048704
  (no media)
346. 2015/07/26 06:33:23 https://twitter.com/pressedyes/status/625328066680721408
  (no media)
347. 2015/02/10 07:46:25 https://twitter.com/pressedyes/status/565205157328482304
  (no media)
348. 2014/08/20 09:35:28 https://twitter.com/pressedyes/status/502162013431554048
  (no media)
349. 2014/08/20 09:25:25 https://twitter.com/pressedyes/status/502159483972624385
  (no media)
350. 2014/08/20 09:23:57 https://twitter.com/pressedyes/status/502159116358668289
  (no media)
351. 2014/08/20 09:23:27 https://twitter.com/pressedyes/status/502158990827339776
  (no media)
352. 2014/02/12 03:58:16 https://twitter.com/pressedyes/status/433600947411906560
  (no media)
353. 2014/02/12 03:56:58 https://twitter.com/pressedyes/status/433600621321519104
  (no media)
354. 2014/01/04 15:28:39 https://twitter.com/pressedyes/status/419641561358401537
  (no media)
355. 2014/01/04 14:44:23 https://twitter.com/pressedyes/status/419630423077969921
  (no media)
356. 2014/01/04 14:43:20 https://twitter.com/pressedyes/status/419630155921756160
  (no media)
357. 2013/12/03 08:02:26 https://twitter.com/pressedyes/status/407932854601928705
  (no media)
358. 2013/12/03 08:01:55 https://twitter.com/pressedyes/status/407932724654010368
  (no media)
359. 2013/11/17 13:00:10 https://twitter.com/pressedyes/status/402209578479140864
  (no media)
360. 2013/10/25 15:26:26 https://twitter.com/pressedyes/status/393896364699967488
  (no media)
361. 2013/09/27 06:12:08 https://twitter.com/pressedyes/status/383610013308035073
  (no media)
362. 2013/08/26 13:48:56 https://twitter.com/pressedyes/status/372128558400815104
  (no media)
363. 2013/08/26 13:48:00 https://twitter.com/pressedyes/status/372128321397469184
  (no media)
364. 2013/08/24 08:22:01 https://twitter.com/pressedyes/status/371321511711211520
  (no media)
365. 2013/08/24 02:49:08 https://twitter.com/pressedyes/status/371237736763494400
  (no media)
366. 2013/08/23 17:43:50 https://twitter.com/pressedyes/status/371100507328090112
  (no media)
367. 2013/08/23 12:11:58 https://twitter.com/pressedyes/status/371016990053253120
  (no media)
368. 2013/08/21 08:03:50 https://twitter.com/pressedyes/status/370229772086816769
  (no media)
369. 2013/08/21 05:50:11 https://twitter.com/pressedyes/status/370196136218214401
  (no media)
370. 2013/08/19 10:47:51 https://twitter.com/pressedyes/status/369546269426847746
  (no media)
371. 2013/08/19 10:45:20 https://twitter.com/pressedyes/status/369545636946776064
  (no media)
372. 2013/08/19 10:45:01 https://twitter.com/pressedyes/status/369545559540895744
  (no media)
373. 2013/08/13 06:59:15 https://twitter.com/pressedyes/status/367314416112381952
  (no media)
374. 2013/08/13 06:57:22 https://twitter.com/pressedyes/status/367313941027758080
  (no media)
375. 2013/08/12 09:47:15 https://twitter.com/pressedyes/status/366994304754909186
  (no media)
376. 2013/08/10 11:57:20 https://twitter.com/pressedyes/status/366302268049457153
  (no media)
377. 2011/01/15 18:45:59 https://twitter.com/pressedyes/status/26500386223292416
  (no media)
--------------------------------------------------------------------------------
[Complete] 26500386223292416 - 1448446102307475456  ( Tweet: 377 / Media: 24 )
